<?xml version="1.0" encoding="UTF-8"?>
<!-- Generated by org.testng.reporters.JUnitXMLReporter -->
<testsuite ignored="2" hostname="DESKTOP-QOQL0HO" failures="0" tests="2" name="Test" time="19.531" errors="0" timestamp="2024-04-29T11:45:22 IST">
  <testcase classname="dws_scripts.Register" name="Register" time="6.476"/>
  <testcase classname="dws_scripts.Login" name="Login" time="8.683"/>
  <testcase classname="base_test.BaseTest" name="@AfterSuite endReportConfig" time="0.0">
    <ignored/>
  </testcase> <!-- @AfterSuite endReportConfig -->
  <testcase classname="base_test.BaseTest" name="@BeforeSuite startReportConfig" time="0.0">
    <ignored/>
  </testcase> <!-- @BeforeSuite startReportConfig -->
</testsuite> <!-- Test -->
