<?xml version="1.0" encoding="UTF-8"?>
<testng-results ignored="2" total="4" passed="2" failed="0" skipped="0">
  <reporter-output>
  </reporter-output>
  <suite started-at="2024-04-29T11:45:02 IST" name="Suite" finished-at="2024-04-29T11:45:22 IST" duration-ms="19531">
    <groups>
    </groups>
    <test started-at="2024-04-29T11:45:02 IST" name="Test" finished-at="2024-04-29T11:45:22 IST" duration-ms="19531">
      <class name="dws_scripts.Login">
        <test-method is-config="true" signature="launchBrowser()[pri:0, instance:dws_scripts.Login@70e9c95d]" started-at="2024-04-29T11:45:11 IST" name="launchBrowser" finished-at="2024-04-29T11:45:13 IST" duration-ms="1221" status="PASS">
          <reporter-output>
          </reporter-output>
        </test-method> <!-- launchBrowser -->
        <test-method is-config="true" signature="login()[pri:0, instance:dws_scripts.Login@70e9c95d]" started-at="2024-04-29T11:45:13 IST" name="login" finished-at="2024-04-29T11:45:13 IST" duration-ms="2" status="PASS">
          <reporter-output>
          </reporter-output>
        </test-method> <!-- login -->
        <test-method signature="Login()[pri:0, instance:dws_scripts.Login@70e9c95d]" started-at="2024-04-29T11:45:13 IST" name="Login" finished-at="2024-04-29T11:45:21 IST" duration-ms="8683" status="PASS">
          <reporter-output>
          </reporter-output>
        </test-method> <!-- Login -->
        <test-method is-config="true" signature="logout()[pri:0, instance:dws_scripts.Login@70e9c95d]" started-at="2024-04-29T11:45:21 IST" name="logout" finished-at="2024-04-29T11:45:21 IST" duration-ms="0" status="PASS">
          <reporter-output>
          </reporter-output>
        </test-method> <!-- logout -->
        <test-method is-config="true" signature="quitBrowser()[pri:0, instance:dws_scripts.Login@70e9c95d]" started-at="2024-04-29T11:45:21 IST" name="quitBrowser" finished-at="2024-04-29T11:45:22 IST" duration-ms="243" status="PASS">
          <reporter-output>
          </reporter-output>
        </test-method> <!-- quitBrowser -->
      </class> <!-- dws_scripts.Login -->
      <class name="dws_scripts.Register">
        <test-method is-config="true" signature="startReportConfig()[pri:0, instance:dws_scripts.Register@534a5a98]" started-at="2024-04-29T11:45:02 IST" name="startReportConfig" finished-at="2024-04-29T11:45:02 IST" duration-ms="246" status="PASS">
          <reporter-output>
          </reporter-output>
        </test-method> <!-- startReportConfig -->
        <test-method is-config="true" signature="launchBrowser()[pri:0, instance:dws_scripts.Register@534a5a98]" started-at="2024-04-29T11:45:02 IST" name="launchBrowser" finished-at="2024-04-29T11:45:05 IST" duration-ms="2576" status="PASS">
          <reporter-output>
          </reporter-output>
        </test-method> <!-- launchBrowser -->
        <test-method is-config="true" signature="login()[pri:0, instance:dws_scripts.Register@534a5a98]" started-at="2024-04-29T11:45:05 IST" name="login" finished-at="2024-04-29T11:45:05 IST" duration-ms="0" status="PASS">
          <reporter-output>
          </reporter-output>
        </test-method> <!-- login -->
        <test-method signature="Register()[pri:0, instance:dws_scripts.Register@534a5a98]" started-at="2024-04-29T11:45:05 IST" name="Register" finished-at="2024-04-29T11:45:11 IST" duration-ms="6476" status="PASS">
          <reporter-output>
          </reporter-output>
        </test-method> <!-- Register -->
        <test-method is-config="true" signature="logout()[pri:0, instance:dws_scripts.Register@534a5a98]" started-at="2024-04-29T11:45:11 IST" name="logout" finished-at="2024-04-29T11:45:11 IST" duration-ms="0" status="PASS">
          <reporter-output>
          </reporter-output>
        </test-method> <!-- logout -->
        <test-method is-config="true" signature="quitBrowser()[pri:0, instance:dws_scripts.Register@534a5a98]" started-at="2024-04-29T11:45:11 IST" name="quitBrowser" finished-at="2024-04-29T11:45:11 IST" duration-ms="254" status="PASS">
          <reporter-output>
          </reporter-output>
        </test-method> <!-- quitBrowser -->
        <test-method is-config="true" signature="endReportConfig()[pri:0, instance:dws_scripts.Register@534a5a98]" started-at="2024-04-29T11:45:22 IST" name="endReportConfig" finished-at="2024-04-29T11:45:22 IST" duration-ms="255" status="PASS">
          <reporter-output>
          </reporter-output>
        </test-method> <!-- endReportConfig -->
      </class> <!-- dws_scripts.Register -->
    </test> <!-- Test -->
  </suite> <!-- Suite -->
</testng-results>
